Determining if the Q_WS_WIN exist failed with the following output:
Change Dir: /home/whj/catkin_ws/build/CMakeFiles/CMakeTmp

Run Build Command:/usr/bin/make "cmTryCompileExec2472629554/fast"
/usr/bin/make -f CMakeFiles/cmTryCompileExec2472629554.dir/build.make CMakeFiles/cmTryCompileExec2472629554.dir/build
make[1]: Entering directory `/home/whj/catkin_ws/build/CMakeFiles/CMakeTmp'
/usr/bin/cmake -E cmake_progress_report /home/whj/catkin_ws/build/CMakeFiles/CMakeTmp/CMakeFiles 1
Building CXX object CMakeFiles/cmTryCompileExec2472629554.dir/CheckSymbolExists.cxx.o
/usr/bin/c++    -pthread -std=c++11 -Wreorder -O3 -DNDEBUG  -I/usr/include/qt4    -o CMakeFiles/cmTryCompileExec2472629554.dir/CheckSymbolExists.cxx.o -c /home/whj/catkin_ws/build/CMakeFiles/CMakeTmp/CheckSymbolExists.cxx
/home/whj/catkin_ws/build/CMakeFiles/CMakeTmp/CheckSymbolExists.cxx: In function ‘int main(int, char**)’:
/home/whj/catkin_ws/build/CMakeFiles/CMakeTmp/CheckSymbolExists.cxx:8:19: error: ‘Q_WS_WIN’ was not declared in this scope
   return ((int*)(&Q_WS_WIN))[argc];
                   ^
make[1]: *** [CMakeFiles/cmTryCompileExec2472629554.dir/CheckSymbolExists.cxx.o] Error 1
make[1]: Leaving directory `/home/whj/catkin_ws/build/CMakeFiles/CMakeTmp'
make: *** [cmTryCompileExec2472629554/fast] Error 2

File /home/whj/catkin_ws/build/CMakeFiles/CMakeTmp/CheckSymbolExists.cxx:
/* */
#include <QtCore/qglobal.h>

int main(int argc, char** argv)
{
  (void)argv;
#ifndef Q_WS_WIN
  return ((int*)(&Q_WS_WIN))[argc];
#else
  (void)argc;
  return 0;
#endif
}

Determining if the Q_WS_QWS exist failed with the following output:
Change Dir: /home/whj/catkin_ws/build/CMakeFiles/CMakeTmp

Run Build Command:/usr/bin/make "cmTryCompileExec1662537835/fast"
/usr/bin/make -f CMakeFiles/cmTryCompileExec1662537835.dir/build.make CMakeFiles/cmTryCompileExec1662537835.dir/build
make[1]: Entering directory `/home/whj/catkin_ws/build/CMakeFiles/CMakeTmp'
/usr/bin/cmake -E cmake_progress_report /home/whj/catkin_ws/build/CMakeFiles/CMakeTmp/CMakeFiles 1
Building CXX object CMakeFiles/cmTryCompileExec1662537835.dir/CheckSymbolExists.cxx.o
/usr/bin/c++    -pthread -std=c++11 -Wreorder -O3 -DNDEBUG  -I/usr/include/qt4    -o CMakeFiles/cmTryCompileExec1662537835.dir/CheckSymbolExists.cxx.o -c /home/whj/catkin_ws/build/CMakeFiles/CMakeTmp/CheckSymbolExists.cxx
/home/whj/catkin_ws/build/CMakeFiles/CMakeTmp/CheckSymbolExists.cxx: In function ‘int main(int, char**)’:
/home/whj/catkin_ws/build/CMakeFiles/CMakeTmp/CheckSymbolExists.cxx:8:19: error: ‘Q_WS_QWS’ was not declared in this scope
   return ((int*)(&Q_WS_QWS))[argc];
                   ^
make[1]: *** [CMakeFiles/cmTryCompileExec1662537835.dir/CheckSymbolExists.cxx.o] Error 1
make[1]: Leaving directory `/home/whj/catkin_ws/build/CMakeFiles/CMakeTmp'
make: *** [cmTryCompileExec1662537835/fast] Error 2

File /home/whj/catkin_ws/build/CMakeFiles/CMakeTmp/CheckSymbolExists.cxx:
/* */
#include <QtCore/qglobal.h>

int main(int argc, char** argv)
{
  (void)argv;
#ifndef Q_WS_QWS
  return ((int*)(&Q_WS_QWS))[argc];
#else
  (void)argc;
  return 0;
#endif
}

Determining if the Q_WS_MAC exist failed with the following output:
Change Dir: /home/whj/catkin_ws/build/CMakeFiles/CMakeTmp

Run Build Command:/usr/bin/make "cmTryCompileExec1961040682/fast"
/usr/bin/make -f CMakeFiles/cmTryCompileExec1961040682.dir/build.make CMakeFiles/cmTryCompileExec1961040682.dir/build
make[1]: Entering directory `/home/whj/catkin_ws/build/CMakeFiles/CMakeTmp'
/usr/bin/cmake -E cmake_progress_report /home/whj/catkin_ws/build/CMakeFiles/CMakeTmp/CMakeFiles 1
Building CXX object CMakeFiles/cmTryCompileExec1961040682.dir/CheckSymbolExists.cxx.o
/usr/bin/c++    -pthread -std=c++11 -Wreorder -O3 -DNDEBUG  -I/usr/include/qt4    -o CMakeFiles/cmTryCompileExec1961040682.dir/CheckSymbolExists.cxx.o -c /home/whj/catkin_ws/build/CMakeFiles/CMakeTmp/CheckSymbolExists.cxx
/home/whj/catkin_ws/build/CMakeFiles/CMakeTmp/CheckSymbolExists.cxx: In function ‘int main(int, char**)’:
/home/whj/catkin_ws/build/CMakeFiles/CMakeTmp/CheckSymbolExists.cxx:8:19: error: ‘Q_WS_MAC’ was not declared in this scope
   return ((int*)(&Q_WS_MAC))[argc];
                   ^
make[1]: Leaving directory `/home/whj/catkin_ws/build/CMakeFiles/CMakeTmp'
make[1]: *** [CMakeFiles/cmTryCompileExec1961040682.dir/CheckSymbolExists.cxx.o] Error 1
make: *** [cmTryCompileExec1961040682/fast] Error 2

File /home/whj/catkin_ws/build/CMakeFiles/CMakeTmp/CheckSymbolExists.cxx:
/* */
#include <QtCore/qglobal.h>

int main(int argc, char** argv)
{
  (void)argv;
#ifndef Q_WS_MAC
  return ((int*)(&Q_WS_MAC))[argc];
#else
  (void)argc;
  return 0;
#endif
}

